1561543940381	mozrunner::runner	INFO	Running command: "/Applications/Firefox.app/Contents/MacOS/firefox-bin" "-marionette" "-foreground" "-no-remote" "-profile" "/var/folders/49/nc6tq3hn2cn5dvkjzpbqc5p80000gp/T/rust_mozprofile.5SM1tAgXlYEL"
1561543940919	addons.webextension.screenshots@mozilla.org	WARN	Loading extension 'screenshots@mozilla.org': Reading manifest: Invalid extension permission: mozillaAddons
1561543940920	addons.webextension.screenshots@mozilla.org	WARN	Loading extension 'screenshots@mozilla.org': Reading manifest: Invalid extension permission: resource://pdf.js/
1561543940920	addons.webextension.screenshots@mozilla.org	WARN	Loading extension 'screenshots@mozilla.org': Reading manifest: Invalid extension permission: about:reader*
1561543942428	Marionette	INFO	Listening on port 55115
1561543942521	Marionette	WARN	TLS certificate errors will be ignored for this session
1561543944730	Marionette	INFO	Stopped listening on port 55115
1561543946592	mozrunner::runner	INFO	Running command: "/Applications/Firefox.app/Contents/MacOS/firefox-bin" "-marionette" "-foreground" "-no-remote" "-profile" "/var/folders/49/nc6tq3hn2cn5dvkjzpbqc5p80000gp/T/rust_mozprofile.OIFZBJ6a5m4p"
1561543947011	addons.webextension.screenshots@mozilla.org	WARN	Loading extension 'screenshots@mozilla.org': Reading manifest: Invalid extension permission: mozillaAddons
1561543947012	addons.webextension.screenshots@mozilla.org	WARN	Loading extension 'screenshots@mozilla.org': Reading manifest: Invalid extension permission: resource://pdf.js/
1561543947012	addons.webextension.screenshots@mozilla.org	WARN	Loading extension 'screenshots@mozilla.org': Reading manifest: Invalid extension permission: about:reader*
1561543948408	Marionette	INFO	Listening on port 55187
1561543948427	Marionette	WARN	TLS certificate errors will be ignored for this session
1561543950954	Marionette	INFO	Stopped listening on port 55187
[Child 7746, Chrome_ChildThread] WARNING: pipe error: Broken pipe: file /builds/worker/workspace/build/src/ipc/chromium/src/chrome/common/ipc_channel_posix.cc, line 726
1561543952508	mozrunner::runner	INFO	Running command: "/Applications/Firefox.app/Contents/MacOS/firefox-bin" "-marionette" "-foreground" "-no-remote" "-profile" "/var/folders/49/nc6tq3hn2cn5dvkjzpbqc5p80000gp/T/rust_mozprofile.aY3AHvH6tQn2"
1561543952931	addons.webextension.screenshots@mozilla.org	WARN	Loading extension 'screenshots@mozilla.org': Reading manifest: Invalid extension permission: mozillaAddons
1561543952931	addons.webextension.screenshots@mozilla.org	WARN	Loading extension 'screenshots@mozilla.org': Reading manifest: Invalid extension permission: resource://pdf.js/
1561543952931	addons.webextension.screenshots@mozilla.org	WARN	Loading extension 'screenshots@mozilla.org': Reading manifest: Invalid extension permission: about:reader*
1561543954345	Marionette	INFO	Listening on port 55256
1561543954357	Marionette	WARN	TLS certificate errors will be ignored for this session
1561543956596	Marionette	INFO	Stopped listening on port 55256

###!!! [Child][RunMessage] Error: Channel closing: too late to send/recv, messages will be lost

1561543958238	mozrunner::runner	INFO	Running command: "/Applications/Firefox.app/Contents/MacOS/firefox-bin" "-marionette" "-foreground" "-no-remote" "-profile" "/var/folders/49/nc6tq3hn2cn5dvkjzpbqc5p80000gp/T/rust_mozprofile.L5zMUS67DZpc"
1561543958655	addons.webextension.screenshots@mozilla.org	WARN	Loading extension 'screenshots@mozilla.org': Reading manifest: Invalid extension permission: mozillaAddons
1561543958655	addons.webextension.screenshots@mozilla.org	WARN	Loading extension 'screenshots@mozilla.org': Reading manifest: Invalid extension permission: resource://pdf.js/
1561543958655	addons.webextension.screenshots@mozilla.org	WARN	Loading extension 'screenshots@mozilla.org': Reading manifest: Invalid extension permission: about:reader*
1561543960043	Marionette	INFO	Listening on port 55324
1561543960070	Marionette	WARN	TLS certificate errors will be ignored for this session
1561543962354	Marionette	INFO	Stopped listening on port 55324
1561543963910	mozrunner::runner	INFO	Running command: "/Applications/Firefox.app/Contents/MacOS/firefox-bin" "-marionette" "-foreground" "-no-remote" "-profile" "/var/folders/49/nc6tq3hn2cn5dvkjzpbqc5p80000gp/T/rust_mozprofile.AASDa0tno9oa"
1561543964331	addons.webextension.screenshots@mozilla.org	WARN	Loading extension 'screenshots@mozilla.org': Reading manifest: Invalid extension permission: mozillaAddons
1561543964332	addons.webextension.screenshots@mozilla.org	WARN	Loading extension 'screenshots@mozilla.org': Reading manifest: Invalid extension permission: resource://pdf.js/
1561543964332	addons.webextension.screenshots@mozilla.org	WARN	Loading extension 'screenshots@mozilla.org': Reading manifest: Invalid extension permission: about:reader*
1561543965712	Marionette	INFO	Listening on port 55392
1561543965736	Marionette	WARN	TLS certificate errors will be ignored for this session
JavaScript warning: https://rescdn.qqmail.com/zh_CN/htmledition/js/all4699d6.js, line 1685: unreachable code after return statement
JavaScript warning: https://rescdn.qqmail.com/zh_CN/htmledition/js/all4699d6.js, line 10166: unreachable code after return statement
JavaScript warning: https://rescdn.qqmail.com/zh_CN/htmledition/js/all4699d6.js, line 12120: unreachable code after return statement
JavaScript warning: https://rescdn.qqmail.com/zh_CN/htmledition/js/all4699d6.js, line 1685: unreachable code after return statement
JavaScript warning: https://rescdn.qqmail.com/zh_CN/htmledition/js/all4699d6.js, line 10166: unreachable code after return statement
JavaScript warning: https://rescdn.qqmail.com/zh_CN/htmledition/js/readmail245b44b.js, line 115: unreachable code after return statement
JavaScript warning: https://rescdn.qqmail.com/zh_CN/htmledition/js/readmail245b44b.js, line 4107: unreachable code after return statement
JavaScript warning: https://rescdn.qqmail.com/zh_CN/htmledition/js/compose2464b01.js, line 8684: unreachable code after return statement
1561543973337	Marionette	INFO	Stopped listening on port 55392
